2024-11-27T00:54:30.643+05:30  INFO 30340 --- [employee-api] [main] com.reliaquest.api.ApiApplication        : Starting ApiApplication using Java 17.0.4.1 with PID 30340 (C:\ATHARVA\UH Courses\Pune prep\java-employee-challenge\api\build\classes\java\main started by athar in C:\ATHARVA\UH Courses\Pune prep\java-employee-challenge\api)
2024-11-27T00:54:30.646+05:30  INFO 30340 --- [employee-api] [main] com.reliaquest.api.ApiApplication        : No active profile set, falling back to 1 default profile: "default"
2024-11-27T00:54:31.731+05:30  INFO 30340 --- [employee-api] [main] o.s.b.w.embedded.tomcat.TomcatWebServer  : Tomcat initialized with port 8111 (http)
2024-11-27T00:54:31.748+05:30  INFO 30340 --- [employee-api] [main] o.apache.catalina.core.StandardService   : Starting service [Tomcat]
2024-11-27T00:54:31.749+05:30  INFO 30340 --- [employee-api] [main] o.apache.catalina.core.StandardEngine    : Starting Servlet engine: [Apache Tomcat/10.1.30]
2024-11-27T00:54:31.819+05:30  INFO 30340 --- [employee-api] [main] o.a.c.c.C.[Tomcat].[localhost].[/]       : Initializing Spring embedded WebApplicationContext
2024-11-27T00:54:31.819+05:30  INFO 30340 --- [employee-api] [main] w.s.c.ServletWebServerApplicationContext : Root WebApplicationContext: initialization completed in 1105 ms
2024-11-27T00:54:32.240+05:30  INFO 30340 --- [employee-api] [main] o.s.b.w.embedded.tomcat.TomcatWebServer  : Tomcat started on port 8111 (http) with context path ''
2024-11-27T00:54:32.249+05:30  INFO 30340 --- [employee-api] [main] com.reliaquest.api.ApiApplication        : Started ApiApplication in 2.145 seconds (process running for 2.507)
2024-11-27T00:56:11.966+05:30  INFO 30340 --- [employee-api] [http-nio-8111-exec-3] o.a.c.c.C.[Tomcat].[localhost].[/]       : Initializing Spring DispatcherServlet 'dispatcherServlet'
2024-11-27T00:56:11.967+05:30  INFO 30340 --- [employee-api] [http-nio-8111-exec-3] o.s.web.servlet.DispatcherServlet        : Initializing Servlet 'dispatcherServlet'
2024-11-27T00:56:11.970+05:30  INFO 30340 --- [employee-api] [http-nio-8111-exec-3] o.s.web.servlet.DispatcherServlet        : Completed initialization in 2 ms
2024-11-27T00:56:12.278+05:30  INFO 30340 --- [employee-api] [http-nio-8111-exec-3] c.r.api.controller.EmployeeController    : 50 Record(s) fetched
2024-11-27T00:56:29.380+05:30  INFO 30340 --- [employee-api] [http-nio-8111-exec-2] c.r.api.controller.EmployeeController    : 50 Record(s) fetched
2024-11-27T00:56:29.381+05:30  INFO 30340 --- [employee-api] [http-nio-8111-exec-2] c.r.api.controller.EmployeeController    : 50 Record(s) fetched
2024-11-27T00:56:29.385+05:30  INFO 30340 --- [employee-api] [http-nio-8111-exec-2] c.r.api.controller.EmployeeController    : 1 Record(s) filtered by name=Wolf
2024-11-27T00:56:46.813+05:30  INFO 30340 --- [employee-api] [http-nio-8111-exec-4] c.r.api.controller.EmployeeController    : Record fetched for id=e7114914-3bbc-4ad5-94ba-bb02c354e0e4
2024-11-27T00:56:56.278+05:30  INFO 30340 --- [employee-api] [http-nio-8111-exec-5] c.r.api.controller.EmployeeController    : 50 Record(s) fetched
2024-11-27T00:56:56.279+05:30  INFO 30340 --- [employee-api] [http-nio-8111-exec-5] c.r.api.controller.EmployeeController    : 50 Record(s) fetched
2024-11-27T00:56:56.282+05:30  INFO 30340 --- [employee-api] [http-nio-8111-exec-5] c.r.api.controller.EmployeeController    : Highest Salary fetched=493730
2024-11-27T00:57:03.629+05:30  INFO 30340 --- [employee-api] [http-nio-8111-exec-6] c.r.api.controller.EmployeeController    : 50 Record(s) fetched
2024-11-27T00:57:03.630+05:30  INFO 30340 --- [employee-api] [http-nio-8111-exec-6] c.r.api.controller.EmployeeController    : 50 Record(s) fetched
2024-11-27T00:57:03.652+05:30  INFO 30340 --- [employee-api] [http-nio-8111-exec-6] c.r.api.controller.EmployeeController    : Top 10 highest earning employees list fetched=[Dillon Bruen, Luciano Jaskolski Jr., Marlon Yundt, Parthenia Mann, Kendall Ward, Romeo Lynch, Mrs. Ryann Simonis, Lonnie Cremin DDS, Doloris Torphy, Dr. Lynwood Cremin]
2024-11-27T00:58:04.719+05:30  INFO 26700 --- [employee-api] [main] com.reliaquest.api.ApiApplication        : Starting ApiApplication using Java 17.0.4.1 with PID 26700 (C:\ATHARVA\UH Courses\Pune prep\java-employee-challenge\api\build\classes\java\main started by athar in C:\ATHARVA\UH Courses\Pune prep\java-employee-challenge\api)
2024-11-27T00:58:04.722+05:30  INFO 26700 --- [employee-api] [main] com.reliaquest.api.ApiApplication        : No active profile set, falling back to 1 default profile: "default"
2024-11-27T00:58:05.490+05:30  INFO 26700 --- [employee-api] [main] o.s.b.w.embedded.tomcat.TomcatWebServer  : Tomcat initialized with port 8111 (http)
2024-11-27T00:58:05.499+05:30  INFO 26700 --- [employee-api] [main] o.apache.catalina.core.StandardService   : Starting service [Tomcat]
2024-11-27T00:58:05.499+05:30  INFO 26700 --- [employee-api] [main] o.apache.catalina.core.StandardEngine    : Starting Servlet engine: [Apache Tomcat/10.1.30]
2024-11-27T00:58:05.540+05:30  INFO 26700 --- [employee-api] [main] o.a.c.c.C.[Tomcat].[localhost].[/]       : Initializing Spring embedded WebApplicationContext
2024-11-27T00:58:05.540+05:30  INFO 26700 --- [employee-api] [main] w.s.c.ServletWebServerApplicationContext : Root WebApplicationContext: initialization completed in 757 ms
2024-11-27T00:58:05.786+05:30  INFO 26700 --- [employee-api] [main] o.s.b.w.embedded.tomcat.TomcatWebServer  : Tomcat started on port 8111 (http) with context path ''
2024-11-27T00:58:05.792+05:30  INFO 26700 --- [employee-api] [main] com.reliaquest.api.ApiApplication        : Started ApiApplication in 1.53 seconds (process running for 1.848)
2024-11-27T00:58:28.242+05:30  INFO 26700 --- [employee-api] [http-nio-8111-exec-1] o.a.c.c.C.[Tomcat].[localhost].[/]       : Initializing Spring DispatcherServlet 'dispatcherServlet'
2024-11-27T00:58:28.243+05:30  INFO 26700 --- [employee-api] [http-nio-8111-exec-1] o.s.web.servlet.DispatcherServlet        : Initializing Servlet 'dispatcherServlet'
2024-11-27T00:58:28.244+05:30  INFO 26700 --- [employee-api] [http-nio-8111-exec-1] o.s.web.servlet.DispatcherServlet        : Completed initialization in 1 ms
2024-11-27T00:59:11.241+05:30  INFO 26700 --- [employee-api] [http-nio-8111-exec-4] c.r.api.controller.EmployeeController    : 50 Record(s) fetched
2024-11-27T00:59:11.242+05:30  INFO 26700 --- [employee-api] [http-nio-8111-exec-4] c.r.api.controller.EmployeeController    : 50 Record(s) fetched
2024-11-27T00:59:11.243+05:30  INFO 26700 --- [employee-api] [http-nio-8111-exec-4] c.r.api.controller.EmployeeController    : Top 10 highest earning employees list fetched=[Francine Thompson, Miss Ming Hagenes, Mr. Donnell Braun, Caprice Weber, Miki Willms, Madlyn Windler, Althea Hessel, Dominique Hodkiewicz, Gregorio Marks, Alena Muller]
2024-11-27T00:59:25.197+05:30  INFO 31380 --- [employee-api] [main] com.reliaquest.api.ApiApplication        : Starting ApiApplication using Java 17.0.4.1 with PID 31380 (C:\ATHARVA\UH Courses\Pune prep\java-employee-challenge\api\build\classes\java\main started by athar in C:\ATHARVA\UH Courses\Pune prep\java-employee-challenge\api)
2024-11-27T00:59:25.200+05:30  INFO 31380 --- [employee-api] [main] com.reliaquest.api.ApiApplication        : No active profile set, falling back to 1 default profile: "default"
2024-11-27T00:59:25.940+05:30  INFO 31380 --- [employee-api] [main] o.s.b.w.embedded.tomcat.TomcatWebServer  : Tomcat initialized with port 8111 (http)
2024-11-27T00:59:25.953+05:30  INFO 31380 --- [employee-api] [main] o.apache.catalina.core.StandardService   : Starting service [Tomcat]
2024-11-27T00:59:25.954+05:30  INFO 31380 --- [employee-api] [main] o.apache.catalina.core.StandardEngine    : Starting Servlet engine: [Apache Tomcat/10.1.30]
2024-11-27T00:59:26.012+05:30  INFO 31380 --- [employee-api] [main] o.a.c.c.C.[Tomcat].[localhost].[/]       : Initializing Spring embedded WebApplicationContext
2024-11-27T00:59:26.013+05:30  INFO 31380 --- [employee-api] [main] w.s.c.ServletWebServerApplicationContext : Root WebApplicationContext: initialization completed in 756 ms
2024-11-27T00:59:26.348+05:30  INFO 31380 --- [employee-api] [main] o.s.b.w.embedded.tomcat.TomcatWebServer  : Tomcat started on port 8111 (http) with context path ''
2024-11-27T00:59:26.355+05:30  INFO 31380 --- [employee-api] [main] com.reliaquest.api.ApiApplication        : Started ApiApplication in 1.497 seconds (process running for 1.831)
2024-11-27T00:59:41.057+05:30  INFO 31380 --- [employee-api] [http-nio-8111-exec-1] o.a.c.c.C.[Tomcat].[localhost].[/]       : Initializing Spring DispatcherServlet 'dispatcherServlet'
2024-11-27T00:59:41.058+05:30  INFO 31380 --- [employee-api] [http-nio-8111-exec-1] o.s.web.servlet.DispatcherServlet        : Initializing Servlet 'dispatcherServlet'
2024-11-27T00:59:41.059+05:30  INFO 31380 --- [employee-api] [http-nio-8111-exec-1] o.s.web.servlet.DispatcherServlet        : Completed initialization in 1 ms
2024-11-27T00:59:45.349+05:30  INFO 31380 --- [employee-api] [http-nio-8111-exec-1] c.r.api.controller.EmployeeController    : 50 Record(s) fetched
2024-11-27T00:59:45.351+05:30  INFO 31380 --- [employee-api] [http-nio-8111-exec-1] c.r.api.controller.EmployeeController    : 50 Record(s) fetched
2024-11-27T00:59:45.353+05:30  INFO 31380 --- [employee-api] [http-nio-8111-exec-1] c.r.api.controller.EmployeeController    : Top 10 highest earning employees list fetched=[Francine Thompson, Miss Ming Hagenes, Mr. Donnell Braun, Caprice Weber, Miki Willms, Madlyn Windler, Althea Hessel, Dominique Hodkiewicz, Gregorio Marks, Alena Muller]
2024-11-27T00:59:58.077+05:30  INFO 31380 --- [employee-api] [http-nio-8111-exec-2] c.r.api.controller.EmployeeController    : New Employee created:MockEmployee(id=ea204942-38c5-445d-b861-647132cd5e71, employee_name=Bogetta Venetta, employee_salary=12345, employee_age=30, employee_title=SVP, employee_email=cardguard@company.com)
2024-11-27T01:00:24.709+05:30  INFO 30988 --- [employee-api] [main] com.reliaquest.api.ApiApplication        : Starting ApiApplication using Java 17.0.4.1 with PID 30988 (C:\ATHARVA\UH Courses\Pune prep\java-employee-challenge\api\build\classes\java\main started by athar in C:\ATHARVA\UH Courses\Pune prep\java-employee-challenge\api)
2024-11-27T01:00:24.711+05:30  INFO 30988 --- [employee-api] [main] com.reliaquest.api.ApiApplication        : No active profile set, falling back to 1 default profile: "default"
2024-11-27T01:00:25.552+05:30  INFO 30988 --- [employee-api] [main] o.s.b.w.embedded.tomcat.TomcatWebServer  : Tomcat initialized with port 8111 (http)
2024-11-27T01:00:25.564+05:30  INFO 30988 --- [employee-api] [main] o.apache.catalina.core.StandardService   : Starting service [Tomcat]
2024-11-27T01:00:25.564+05:30  INFO 30988 --- [employee-api] [main] o.apache.catalina.core.StandardEngine    : Starting Servlet engine: [Apache Tomcat/10.1.30]
2024-11-27T01:00:25.611+05:30  INFO 30988 --- [employee-api] [main] o.a.c.c.C.[Tomcat].[localhost].[/]       : Initializing Spring embedded WebApplicationContext
2024-11-27T01:00:25.611+05:30  INFO 30988 --- [employee-api] [main] w.s.c.ServletWebServerApplicationContext : Root WebApplicationContext: initialization completed in 850 ms
2024-11-27T01:00:25.909+05:30  INFO 30988 --- [employee-api] [main] o.s.b.w.embedded.tomcat.TomcatWebServer  : Tomcat started on port 8111 (http) with context path ''
2024-11-27T01:00:25.917+05:30  INFO 30988 --- [employee-api] [main] com.reliaquest.api.ApiApplication        : Started ApiApplication in 1.666 seconds (process running for 1.964)
2024-11-27T01:00:35.439+05:30  INFO 30988 --- [employee-api] [http-nio-8111-exec-1] o.a.c.c.C.[Tomcat].[localhost].[/]       : Initializing Spring DispatcherServlet 'dispatcherServlet'
2024-11-27T01:00:35.440+05:30  INFO 30988 --- [employee-api] [http-nio-8111-exec-1] o.s.web.servlet.DispatcherServlet        : Initializing Servlet 'dispatcherServlet'
2024-11-27T01:00:35.441+05:30  INFO 30988 --- [employee-api] [http-nio-8111-exec-1] o.s.web.servlet.DispatcherServlet        : Completed initialization in 1 ms
2024-11-27T01:00:36.001+05:30  INFO 30988 --- [employee-api] [http-nio-8111-exec-1] c.r.api.controller.EmployeeController    : New Employee created:MockEmployee(id=9d574134-0d9e-404c-8a0d-10bf5403024e, employee_name=Bogetta Venetta, employee_salary=12345, employee_age=30, employee_title=SVP, employee_email=alphazap@company.com)
2024-11-27T01:01:06.711+05:30  INFO 30988 --- [employee-api] [http-nio-8111-exec-3] c.r.api.controller.EmployeeController    : Record fetched for id=9d574134-0d9e-404c-8a0d-10bf5403024e
2024-11-27T01:01:06.722+05:30  INFO 30988 --- [employee-api] [http-nio-8111-exec-3] c.r.api.controller.EmployeeController    : Employee deleted:Bogetta Venetta
2024-11-27T01:01:44.358+05:30  INFO 1228 --- [employee-api] [main] com.reliaquest.api.ApiApplication        : Starting ApiApplication using Java 17.0.4.1 with PID 1228 (C:\ATHARVA\UH Courses\Pune prep\java-employee-challenge\api\build\classes\java\main started by athar in C:\ATHARVA\UH Courses\Pune prep\java-employee-challenge\api)
2024-11-27T01:01:44.361+05:30  INFO 1228 --- [employee-api] [main] com.reliaquest.api.ApiApplication        : No active profile set, falling back to 1 default profile: "default"
2024-11-27T01:01:45.098+05:30  INFO 1228 --- [employee-api] [main] o.s.b.w.embedded.tomcat.TomcatWebServer  : Tomcat initialized with port 8111 (http)
2024-11-27T01:01:45.107+05:30  INFO 1228 --- [employee-api] [main] o.apache.catalina.core.StandardService   : Starting service [Tomcat]
2024-11-27T01:01:45.108+05:30  INFO 1228 --- [employee-api] [main] o.apache.catalina.core.StandardEngine    : Starting Servlet engine: [Apache Tomcat/10.1.30]
2024-11-27T01:01:45.152+05:30  INFO 1228 --- [employee-api] [main] o.a.c.c.C.[Tomcat].[localhost].[/]       : Initializing Spring embedded WebApplicationContext
2024-11-27T01:01:45.152+05:30  INFO 1228 --- [employee-api] [main] w.s.c.ServletWebServerApplicationContext : Root WebApplicationContext: initialization completed in 737 ms
2024-11-27T01:01:45.404+05:30  INFO 1228 --- [employee-api] [main] o.s.b.w.embedded.tomcat.TomcatWebServer  : Tomcat started on port 8111 (http) with context path ''
2024-11-27T01:01:45.410+05:30  INFO 1228 --- [employee-api] [main] com.reliaquest.api.ApiApplication        : Started ApiApplication in 1.483 seconds (process running for 1.774)
2024-11-27T01:02:17.926+05:30  INFO 1228 --- [employee-api] [http-nio-8111-exec-2] o.a.c.c.C.[Tomcat].[localhost].[/]       : Initializing Spring DispatcherServlet 'dispatcherServlet'
2024-11-27T01:02:17.927+05:30  INFO 1228 --- [employee-api] [http-nio-8111-exec-2] o.s.web.servlet.DispatcherServlet        : Initializing Servlet 'dispatcherServlet'
2024-11-27T01:02:17.928+05:30  INFO 1228 --- [employee-api] [http-nio-8111-exec-2] o.s.web.servlet.DispatcherServlet        : Completed initialization in 1 ms
2024-11-27T01:02:18.542+05:30  INFO 1228 --- [employee-api] [http-nio-8111-exec-2] c.r.api.controller.EmployeeController    : New Employee created:MockEmployee(id=7ade57c1-8c75-48a9-abb0-123012ee7a09, employee_name=Bogetta Venetta, employee_salary=12345, employee_age=30, employee_title=SVP, employee_email=voyatouch@company.com)
2024-11-27T01:02:34.578+05:30  INFO 1228 --- [employee-api] [http-nio-8111-exec-4] c.r.api.controller.EmployeeController    : Record fetched for id=7ade57c1-8c75-48a9-abb0-123012ee7a09
2024-11-27T01:02:34.598+05:30  INFO 1228 --- [employee-api] [http-nio-8111-exec-4] c.r.api.controller.EmployeeController    : Employee deleted:Bogetta Venetta
2024-11-27T01:02:57.065+05:30  INFO 31764 --- [employee-api] [main] com.reliaquest.api.ApiApplication        : Starting ApiApplication using Java 17.0.4.1 with PID 31764 (C:\ATHARVA\UH Courses\Pune prep\java-employee-challenge\api\build\classes\java\main started by athar in C:\ATHARVA\UH Courses\Pune prep\java-employee-challenge\api)
2024-11-27T01:02:57.067+05:30  INFO 31764 --- [employee-api] [main] com.reliaquest.api.ApiApplication        : No active profile set, falling back to 1 default profile: "default"
2024-11-27T01:02:57.813+05:30  INFO 31764 --- [employee-api] [main] o.s.b.w.embedded.tomcat.TomcatWebServer  : Tomcat initialized with port 8111 (http)
2024-11-27T01:02:57.823+05:30  INFO 31764 --- [employee-api] [main] o.apache.catalina.core.StandardService   : Starting service [Tomcat]
2024-11-27T01:02:57.824+05:30  INFO 31764 --- [employee-api] [main] o.apache.catalina.core.StandardEngine    : Starting Servlet engine: [Apache Tomcat/10.1.30]
2024-11-27T01:02:57.872+05:30  INFO 31764 --- [employee-api] [main] o.a.c.c.C.[Tomcat].[localhost].[/]       : Initializing Spring embedded WebApplicationContext
2024-11-27T01:02:57.873+05:30  INFO 31764 --- [employee-api] [main] w.s.c.ServletWebServerApplicationContext : Root WebApplicationContext: initialization completed in 757 ms
2024-11-27T01:02:58.152+05:30  INFO 31764 --- [employee-api] [main] o.s.b.w.embedded.tomcat.TomcatWebServer  : Tomcat started on port 8111 (http) with context path ''
2024-11-27T01:02:58.160+05:30  INFO 31764 --- [employee-api] [main] com.reliaquest.api.ApiApplication        : Started ApiApplication in 1.489 seconds (process running for 1.777)
2024-11-27T01:03:14.930+05:30  INFO 31764 --- [employee-api] [http-nio-8111-exec-1] o.a.c.c.C.[Tomcat].[localhost].[/]       : Initializing Spring DispatcherServlet 'dispatcherServlet'
2024-11-27T01:03:14.931+05:30  INFO 31764 --- [employee-api] [http-nio-8111-exec-1] o.s.web.servlet.DispatcherServlet        : Initializing Servlet 'dispatcherServlet'
2024-11-27T01:03:14.933+05:30  INFO 31764 --- [employee-api] [http-nio-8111-exec-1] o.s.web.servlet.DispatcherServlet        : Completed initialization in 1 ms
2024-11-27T01:03:15.509+05:30  INFO 31764 --- [employee-api] [http-nio-8111-exec-1] c.r.api.controller.EmployeeController    : New Employee created:MockEmployee(id=86b6bcec-f1db-446b-98bf-24c6a82dff90, employee_name=Bogetta Venetta, employee_salary=12345, employee_age=30, employee_title=SVP, employee_email=solarbreeze@company.com)
2024-11-27T01:03:36.088+05:30  INFO 31764 --- [employee-api] [http-nio-8111-exec-3] c.r.api.controller.EmployeeController    : Record fetched for id=5bc14e0b-0bfe-4faf-8703-aca3c67dcadd
2024-11-27T01:03:36.111+05:30  INFO 31764 --- [employee-api] [http-nio-8111-exec-3] c.r.api.controller.EmployeeController    : Employee deleted:Sondra Schmidt MD
